p_class:
[0.02596393 0.00204058 0.03587109 0.01670643 0.0292856  0.00371763
 0.0244711  0.06778605 0.00239549 0.00237314 0.00366792 0.00471151
 0.05362353 0.01629648 0.00289667 0.01183162 0.00164393 0.00311905
 0.00203733 0.536577   0.00237148 0.04152114 0.01123748 0.00325406
 0.00159258 0.00307743 0.04208461 0.0020853  0.00357016 0.01030258
 0.02794592 0.00394124]
[0.01920935 0.00092227 0.09268709 0.0744429  0.04781205 0.002733
 0.06957871 0.0207577  0.00135753 0.0019704  0.0022326  0.00259374
 0.017364   0.10895354 0.00152444 0.00991795 0.00095351 0.00276027
 0.00201049 0.108633   0.00137044 0.33485788 0.00662246 0.0025062
 0.0008077  0.00243763 0.02437299 0.00138663 0.00218429 0.00401958
 0.02911837 0.00190131]
[0.03057352 0.00228056 0.08217339 0.05302983 0.03026438 0.00680215
 0.10069207 0.01380427 0.00344326 0.00394582 0.00401686 0.00631213
 0.04485814 0.06519432 0.00286708 0.01632635 0.00147688 0.00360927
 0.00292973 0.25687382 0.00176487 0.12884125 0.01523902 0.00382333
 0.00280748 0.00386498 0.03518918 0.00143792 0.00591018 0.0192373
 0.04816316 0.00224747]
[0.03296429 0.00169003 0.09254288 0.29936057 0.05830925 0.00289967
 0.15535921 0.01382912 0.0017916  0.00335756 0.00308208 0.00476594
 0.02538045 0.05767884 0.0022622  0.01877571 0.00191796 0.00211014
 0.00165331 0.04699565 0.0020122  0.05995617 0.00945976 0.00346062
 0.00161802 0.00339131 0.01885196 0.00284161 0.00294198 0.01587052
 0.05037827 0.00249106]
[0.05915456 0.00489044 0.03805042 0.11116281 0.08514179 0.00657531
 0.12749292 0.04521741 0.00377643 0.00487552 0.00674717 0.00755006
 0.09205185 0.06847651 0.00597479 0.02342785 0.0057122  0.00542607
 0.00412568 0.08717821 0.00393883 0.03444393 0.02184975 0.00479163
 0.00298567 0.00427113 0.0514211  0.00536763 0.00578235 0.01891974
 0.04910362 0.00411663]
[2.4560299e-02 1.4898409e-03 1.9785320e-02 1.6341481e-02 2.2875709e-02
 3.7473855e-03 4.5403082e-02 6.6709891e-02 1.5471254e-03 1.3077883e-03
 1.9963423e-03 2.8710356e-03 3.8037885e-02 1.6262051e-02 1.6872212e-03
 9.3492381e-03 9.1574766e-04 1.5429901e-03 1.4634749e-03 5.9373367e-01
 7.4738933e-04 3.4119323e-02 4.5044576e-03 1.3681476e-03 5.1890552e-04
 1.7772235e-03 3.8299136e-02 1.1422070e-03 2.4182794e-03 4.6656784e-03
 3.6952157e-02 1.8594423e-03]
[0.05147921 0.00298047 0.04412973 0.03189173 0.03606129 0.00580713
 0.02008397 0.05571258 0.00441022 0.0044329  0.00544498 0.00380962
 0.04764085 0.01402632 0.00377103 0.01312303 0.0023822  0.0046935
 0.00232419 0.46435127 0.00176767 0.04001786 0.01513669 0.0050127
 0.00270233 0.00437951 0.05036972 0.00377687 0.00584177 0.01171623
 0.03763712 0.00308521]
[1.1556021e-02 5.9925497e-04 1.4985658e-02 1.0954547e-02 1.6021324e-02
 1.5095656e-03 1.2495641e-02 2.0331915e-02 1.0875887e-03 2.4619456e-03
 1.1289527e-03 2.0991019e-03 2.8363142e-02 7.7022916e-01 1.0873979e-03
 4.8327753e-03 1.0736650e-03 1.4387936e-03 4.4399395e-04 5.7302937e-03
 9.1848214e-04 1.1298881e-02 1.5630253e-02 1.2152441e-03 5.4592168e-04
 1.9362282e-03 1.3838299e-02 2.7184014e-03 3.2273473e-03 1.6707912e-02
 2.2940598e-02 5.9173594e-04]
[0.07713556 0.0016645  0.06410772 0.11596145 0.07384702 0.00484696
 0.04743573 0.0708807  0.00295213 0.00209486 0.00479998 0.0060227
 0.12781651 0.03177186 0.00258436 0.01730561 0.00310096 0.00258192
 0.00194267 0.15440801 0.00166332 0.0476734  0.01975447 0.00266259
 0.00331913 0.00371764 0.04054683 0.00376425 0.00263992 0.01903145
 0.03944642 0.00251933]
[0.05146867 0.00220912 0.01892945 0.00821242 0.03124427 0.00363443
 0.04377441 0.09857387 0.00184607 0.00175637 0.0022503  0.00261431
 0.10458313 0.02179465 0.0017014  0.00969544 0.00119889 0.00246755
 0.00261973 0.44616696 0.00094051 0.02196247 0.00499795 0.00299302
 0.00069353 0.00071413 0.05672863 0.0009279  0.00315879 0.00711959
 0.04074639 0.00227567]
[0.02532488 0.00121236 0.11190365 0.26397213 0.02026133 0.00113509
 0.3177695  0.00911946 0.00105761 0.00272466 0.00183859 0.00196356
 0.01451256 0.03504674 0.00096008 0.01010036 0.00086805 0.0008526
 0.00129066 0.04123537 0.0010915  0.06486888 0.00413431 0.00124698
 0.00070593 0.0016836  0.014234   0.00137928 0.00152765 0.01229878
 0.03233555 0.00134436]
[0.04351622 0.00185216 0.08291591 0.2266876  0.03418484 0.0026841
 0.19385545 0.01323745 0.00147511 0.00369385 0.00343012 0.006021
 0.03261604 0.0554371  0.00292407 0.02278671 0.00232301 0.00189851
 0.00189236 0.08927347 0.00192515 0.07981488 0.01284953 0.00416406
 0.00257201 0.00351522 0.01619699 0.002003   0.00452247 0.01149069
 0.03547791 0.00276308]
[0.07419381 0.00309527 0.04636136 0.09544413 0.09415176 0.00512018
 0.08315926 0.05846617 0.00251583 0.00854085 0.00621401 0.01022445
 0.12078269 0.04178207 0.00568344 0.02829269 0.00285792 0.0074177
 0.00444174 0.09756587 0.00284307 0.04212689 0.01631649 0.00682771
 0.00430825 0.00358915 0.04408284 0.00482246 0.00517117 0.00948693
 0.06029877 0.00381509]
[0.05444886 0.00150157 0.01805704 0.02901858 0.06673674 0.00671966
 0.12371211 0.03280717 0.00395527 0.00209552 0.00575934 0.00664168
 0.14628023 0.1028658  0.00332063 0.02213326 0.00357594 0.00327211
 0.00214344 0.1567786  0.00222048 0.05878076 0.01311007 0.00405746
 0.00179557 0.00329437 0.06195493 0.00222721 0.00460548 0.00785402
 0.04533213 0.00294396]
[0.04257924 0.00167172 0.04808076 0.10011497 0.05700794 0.0042201
 0.03504654 0.0215964  0.00296743 0.00371893 0.00377309 0.00526005
 0.03775173 0.01726258 0.00535609 0.01600355 0.00240529 0.00256624
 0.00359501 0.41398633 0.00184922 0.07577167 0.01702834 0.00465913
 0.00164471 0.00295473 0.0277102  0.00293416 0.00356488 0.01223243
 0.02032396 0.00436262]
[0.0544712  0.00208134 0.01171844 0.01291726 0.02641261 0.00905195
 0.0989776  0.08206063 0.00359499 0.00311047 0.00375554 0.00305166
 0.09663217 0.05509408 0.00346299 0.02866419 0.00346798 0.00344956
 0.00116731 0.27160588 0.00191986 0.07266867 0.00897743 0.00509231
 0.00100745 0.00317807 0.03306313 0.00224805 0.00508292 0.0083658
 0.07966217 0.00398627]
[0.05161605 0.00349294 0.01917732 0.0192409  0.04128227 0.00521694
 0.06885806 0.09207319 0.00433763 0.00670501 0.00478467 0.0083535
 0.10371801 0.03801958 0.00351408 0.02651428 0.00439925 0.0033696
 0.00404651 0.2214854  0.00303872 0.03388463 0.02118516 0.00352725
 0.0020654  0.00484455 0.07102109 0.00386774 0.00427457 0.01596857
 0.10122569 0.00489145]
[0.02941635 0.00170954 0.10604605 0.22851275 0.02775564 0.00194022
 0.3274717  0.00907538 0.00260312 0.00346119 0.00207321 0.00230023
 0.01916655 0.03801619 0.00132334 0.01361208 0.00190397 0.00208637
 0.0019135  0.02947741 0.00248817 0.06016358 0.00331078 0.00225021
 0.00167779 0.00278934 0.02162446 0.00205381 0.00285467 0.01293335
 0.03578701 0.00220203]
[0.02904554 0.00176499 0.01437318 0.03061179 0.01528815 0.00552563
 0.11439718 0.2884913  0.00155051 0.00336031 0.00222316 0.00373867
 0.25555068 0.04482524 0.00175858 0.01756078 0.00216785 0.00154837
 0.00241682 0.05391282 0.00102893 0.02179341 0.00720944 0.00284408
 0.00227348 0.00213254 0.03459242 0.00285414 0.00306093 0.01376135
 0.01589824 0.0024395 ]
[0.0751185  0.00180196 0.02633556 0.04330547 0.08822728 0.00607128
 0.03557955 0.17156354 0.00304048 0.00288323 0.00411313 0.0044131
 0.22946256 0.01410719 0.00309897 0.01142479 0.00317074 0.00304146
 0.00326718 0.11222359 0.00118147 0.01316065 0.01093307 0.00267829
 0.00180759 0.00320108 0.06243134 0.00378921 0.00377526 0.01310496
 0.038042   0.00364551]
[0.03642759 0.00245149 0.08931564 0.05497867 0.01520855 0.00156978
 0.10285316 0.06628983 0.00203219 0.00167835 0.00330202 0.00341927
 0.04809915 0.37364185 0.0012501  0.01059157 0.00219515 0.00225943
 0.00155187 0.04394991 0.00146409 0.05438104 0.0024838  0.00194307
 0.00059584 0.00274848 0.03816406 0.00139166 0.00324554 0.00432649
 0.02400197 0.00218833]
[0.06974656 0.00601399 0.02834838 0.02661004 0.06079806 0.0087376
 0.04280098 0.09228823 0.00610609 0.00760893 0.00865643 0.010244
 0.11013257 0.03629317 0.00850255 0.01513548 0.00580061 0.00809961
 0.0072592  0.18788953 0.00449425 0.05541193 0.02069514 0.00917483
 0.00430093 0.00657895 0.06099116 0.00545612 0.00766208 0.01456541
 0.0557043  0.00789292]
[0.0513431  0.00130915 0.01690193 0.02187898 0.04666563 0.0049694
 0.16783111 0.02982097 0.00315174 0.00428724 0.00353537 0.0079173
 0.09631431 0.07043107 0.0039596  0.02676788 0.00166284 0.00366294
 0.00379422 0.19163606 0.00193192 0.04233504 0.01835624 0.00345963
 0.00126929 0.00254436 0.05150837 0.00227571 0.00473392 0.0152389
 0.0952393  0.00326641]
[0.07549959 0.00117454 0.04676434 0.1400342  0.06205092 0.00681292
 0.03634635 0.05547324 0.00314554 0.00376172 0.00434172 0.0063561
 0.14305922 0.02363101 0.00217132 0.01951242 0.00228559 0.00188902
 0.0041435  0.15350284 0.00271508 0.06234707 0.01197191 0.00237986
 0.00273278 0.00501409 0.03649769 0.00278857 0.00426436 0.01273656
 0.06081786 0.00377816]
[0.0278702  0.0014113  0.09337655 0.16744849 0.02967469 0.00185098
 0.38293326 0.01351599 0.00174576 0.00289136 0.00270787 0.00251415
 0.02173566 0.0373628  0.00119121 0.01320564 0.00117839 0.00239713
 0.00195197 0.01981897 0.00164421 0.09901823 0.00615178 0.00257663
 0.00092008 0.0023995  0.02195843 0.00118465 0.00179208 0.00703067
 0.02730532 0.00123613]
[0.02773492 0.00077147 0.06965992 0.2518001  0.01877187 0.00242834
 0.25887027 0.01924731 0.0008728  0.00077777 0.00116086 0.00198657
 0.01976332 0.05416777 0.00077373 0.01739867 0.00073161 0.00085038
 0.00100257 0.05314923 0.00147999 0.1009526  0.00493698 0.00156874
 0.00128466 0.00203626 0.02725069 0.00079961 0.00226113 0.00978694
 0.04501881 0.00070417]
[0.01785674 0.00121191 0.21886992 0.07614257 0.04037452 0.00267272
 0.042749   0.00928202 0.00116681 0.0014107  0.00173482 0.00268653
 0.01339815 0.02184336 0.00112789 0.01297576 0.00079945 0.00122375
 0.00120244 0.22095458 0.00084471 0.25164533 0.00496555 0.00100251
 0.00057895 0.00194946 0.01272513 0.00084222 0.00207896 0.00429762
 0.0280852  0.00130076]
[0.08040404 0.0036049  0.03185007 0.03867052 0.04511224 0.00607437
 0.08363678 0.04538977 0.00424575 0.00565145 0.00815248 0.01113165
 0.11885477 0.05854783 0.00318299 0.0145345  0.00457085 0.00433517
 0.005737   0.12443851 0.0059249  0.05546236 0.03154191 0.00475125
 0.00411963 0.00462548 0.07692605 0.00375212 0.01305908 0.01570878
 0.08020703 0.00579583]
[1.9721037e-02 5.8020907e-04 3.1486541e-02 1.1540756e-01 1.9206246e-02
 7.9776929e-04 6.0083663e-01 9.2943562e-03 6.8720768e-04 1.1111499e-03
 1.5797262e-03 1.9148818e-03 1.7879987e-02 8.5823992e-03 5.5843301e-04
 6.1817002e-03 4.9017789e-04 1.0563561e-03 7.8781572e-04 2.4029521e-02
 7.3836424e-04 9.4148718e-02 2.8092647e-03 1.0396224e-03 6.1587099e-04
 9.8370016e-04 1.3364498e-02 7.9025642e-04 1.2606164e-03 4.0039867e-03
 1.7295495e-02 7.5990317e-04]
[1.4952427e-03 6.6927118e-05 9.6891689e-01 7.9499902e-03 2.0859777e-03
 9.1550442e-05 2.0938914e-03 1.1124026e-03 3.0420852e-05 4.3619762e-05
 1.1774495e-04 9.2990464e-05 1.6268239e-03 1.1004198e-03 4.5786812e-05
 5.5472495e-04 3.9162976e-05 5.1923253e-05 7.2110437e-05 4.6222894e-03
 7.0173606e-05 5.3380076e-03 1.9961948e-04 3.1246353e-05 2.5384748e-05
 5.8462785e-05 2.5932057e-04 4.8591988e-05 1.2609032e-04 3.6749378e-04
 1.2088595e-03 5.5935863e-05]
[7.3871808e-03 3.8597154e-04 2.4039397e-02 1.1262564e-02 2.9817862e-03
 5.1154039e-04 3.3228498e-02 3.2715559e-02 5.0023291e-04 7.0139905e-04
 7.0305855e-04 2.2541774e-03 6.6754691e-02 7.8894347e-01 4.3433456e-04
 3.3922116e-03 9.1878505e-04 4.5599815e-04 2.5503788e-04 1.8247443e-03
 5.0857151e-04 4.0976638e-03 1.7152302e-03 7.7613624e-04 2.9910536e-04
 9.2076254e-04 3.6973685e-03 7.6761062e-04 1.1231448e-03 2.5187270e-03
 3.4853132e-03 4.3971723e-04]
[4.1969055e-03 6.7387370e-04 4.8443295e-02 5.6000734e-03 3.9751483e-03
 4.3811928e-04 4.0604621e-02 2.8074568e-02 1.2861866e-03 1.5242653e-03
 9.6310856e-04 2.6398010e-03 3.5850562e-02 7.7368546e-01 1.0209838e-03
 4.3538944e-03 7.5652020e-04 1.1830514e-03 4.6876451e-04 2.8938856e-03
 4.7593174e-04 2.0962479e-02 1.8598029e-03 9.1313204e-04 2.6724354e-04
 1.1930842e-03 2.7232363e-03 1.2867841e-03 1.1583697e-03 3.4062017e-03
 6.4163962e-03 7.0436089e-04]
[7.6788599e-03 3.6692637e-04 1.1725160e-03 4.7468720e-03 2.6776355e-03
 1.0142743e-03 8.1284726e-03 2.0702012e-02 8.0269534e-04 1.1626356e-03
 6.8105193e-04 5.9693446e-04 2.1187009e-02 8.9230061e-01 6.6489668e-04
 3.8012499e-03 3.2992431e-04 8.6084323e-04 4.6313912e-04 6.1134133e-04
 3.8744966e-04 1.8333367e-03 5.4366901e-03 5.2973471e-04 1.3168597e-04
 5.2383030e-04 6.4053391e-03 1.2809255e-03 1.2122961e-03 2.9764802e-03
 8.6976998e-03 6.3465699e-04]
[2.8264634e-02 7.9589832e-04 7.6785612e-01 1.8220074e-02 1.9282270e-02
 1.9602759e-03 1.7599219e-02 8.6426744e-03 7.7514560e-04 1.1047720e-03
 1.4583832e-03 9.5185637e-04 1.4173261e-02 3.7211202e-02 8.2965830e-04
 7.8852270e-03 8.6070632e-04 1.2905953e-03 4.7806278e-04 1.5036273e-02
 6.3671044e-04 2.2115637e-02 5.6821541e-03 9.5012772e-04 4.5288241e-04
 5.1967113e-04 9.1722077e-03 5.6670688e-04 5.8673351e-04 2.0980139e-03
 1.1586217e-02 9.5656828e-04]
[0.03665337 0.00223074 0.11474472 0.17503819 0.13891675 0.0026164
 0.01427355 0.05474617 0.00261926 0.00286067 0.00394936 0.00375836
 0.02371025 0.00353041 0.00280202 0.01058666 0.00165277 0.00169863
 0.00333315 0.2580419  0.0012156  0.0458627  0.00754344 0.00291948
 0.00195072 0.00316735 0.03339866 0.00227421 0.00357343 0.01041021
 0.02713123 0.00278975]
[0.04065774 0.00338747 0.06392013 0.19782193 0.02880039 0.00617638
 0.03417264 0.03886148 0.0015721  0.00292965 0.00406523 0.00280085
 0.02116271 0.045396   0.0028391  0.0187944  0.00257656 0.00389151
 0.00320206 0.2640069  0.00148669 0.1335982  0.01120391 0.00240324
 0.00145638 0.0031123  0.02142246 0.00194422 0.00249266 0.00909473
 0.02209589 0.00265415]
[0.02594838 0.00092898 0.04633455 0.44857836 0.02121847 0.00118729
 0.09804605 0.01079772 0.0009865  0.00175179 0.00162406 0.00183416
 0.02664599 0.19924495 0.00136076 0.01251819 0.00103177 0.00129142
 0.00107376 0.01358745 0.00064284 0.02553914 0.0075271  0.00124905
 0.00067559 0.00140112 0.01509301 0.00131408 0.00139987 0.00699296
 0.02124392 0.00093073]
[0.05887818 0.00233528 0.03136182 0.13744475 0.08992175 0.00620951
 0.05013293 0.07696247 0.00345    0.00500721 0.00587987 0.0067369
 0.14165018 0.02012921 0.00424488 0.01945079 0.00428033 0.00408668
 0.00316307 0.08514462 0.00320391 0.02456745 0.01828318 0.00319565
 0.00249052 0.00379004 0.07473438 0.00412501 0.00453397 0.0131803
 0.08836232 0.00306285]
[2.17009466e-02 8.91169591e-04 9.07914564e-02 1.24655254e-01
 1.44704916e-02 1.18795864e-03 5.61646163e-01 7.07615959e-03
 7.72717642e-04 1.19262480e-03 1.65736198e-03 1.29852258e-03
 1.65563989e-02 1.67212188e-02 7.34026718e-04 8.51358473e-03
 6.29440823e-04 1.34286901e-03 1.07988878e-03 1.16601083e-02
 5.22360962e-04 6.94736987e-02 3.02244839e-03 8.91374424e-04
 3.80219280e-04 1.06171798e-03 1.71561167e-02 5.97860373e-04
 8.08320125e-04 5.39525691e-03 1.55486483e-02 5.63612906e-04]
[0.03183133 0.00167648 0.03384218 0.03615658 0.02921635 0.00650096
 0.10070787 0.15810157 0.00188768 0.00315474 0.00299925 0.00683472
 0.34080422 0.0805982  0.00217164 0.02248676 0.0026362  0.00156138
 0.00210407 0.02573812 0.00181035 0.02213786 0.00788649 0.00234847
 0.00248593 0.00276525 0.02026565 0.00334881 0.00568562 0.01208469
 0.02496646 0.00320419]
[0.04995763 0.00090119 0.05140221 0.11012343 0.03297644 0.00403855
 0.13330299 0.0496129  0.00130237 0.00225975 0.00269109 0.00617031
 0.08645837 0.02585206 0.00208385 0.0165139  0.00174397 0.00244562
 0.00200761 0.1366277  0.00148797 0.05472747 0.00615235 0.00138115
 0.00134892 0.0021359  0.08020504 0.00184069 0.00191304 0.01135441
 0.11729058 0.00169038]
[0.05741763 0.00205981 0.01907038 0.02505165 0.03378235 0.00488062
 0.11325766 0.05678274 0.00438447 0.00502783 0.00585427 0.00773561
 0.12267166 0.20842451 0.00253842 0.0309671  0.00344099 0.00332621
 0.00723686 0.05967896 0.00340823 0.03860648 0.01363211 0.00465211
 0.00161932 0.00379827 0.05502791 0.00289789 0.00792565 0.01961498
 0.07016655 0.00506075]
[0.09207971 0.00152373 0.02723029 0.01006302 0.01390975 0.0056116
 0.07393628 0.16975634 0.00364749 0.0023692  0.00371081 0.0059328
 0.11863907 0.1571033  0.00208026 0.02326754 0.00195094 0.00352579
 0.00308965 0.07223919 0.00260314 0.02947316 0.01404949 0.00388256
 0.0009759  0.00481739 0.04462691 0.00252045 0.00624142 0.0123922
 0.08346252 0.00328809]
[0.06826591 0.00562707 0.06214362 0.170762   0.1258348  0.00543717
 0.03473896 0.04728986 0.00455422 0.00666855 0.00568188 0.00607046
 0.05544759 0.02533973 0.00641487 0.01964523 0.00397466 0.00606269
 0.00443785 0.14026748 0.00239224 0.04111821 0.01248313 0.00726608
 0.00240304 0.00461949 0.03003167 0.00610316 0.00502598 0.01734004
 0.06250785 0.00404456]
[3.6308009e-03 1.0054443e-04 7.6115597e-03 4.9932133e-03 1.4916523e-03
 1.4296570e-04 3.1220221e-03 2.8032344e-03 1.1511293e-04 3.0293615e-04
 2.0635531e-04 2.8290422e-04 1.2011957e-02 9.5081598e-01 9.7094591e-05
 1.6867426e-03 1.3571679e-04 1.0347945e-04 1.3965683e-04 5.2505260e-04
 6.0823608e-05 4.9518450e-04 1.4671119e-03 1.7460117e-04 6.6327470e-05
 2.1950892e-04 1.0065490e-03 1.5327247e-04 3.1519189e-04 1.1294611e-03
 4.3975157e-03 1.9558620e-04]
[0.03253687 0.00260533 0.13640413 0.05756271 0.04616007 0.00299061
 0.04263732 0.01580647 0.00198641 0.00374593 0.00391762 0.00565434
 0.02198567 0.01191098 0.0025231  0.0140083  0.00250332 0.00304634
 0.0027691  0.3622254  0.00226571 0.12040337 0.01035612 0.0024362
 0.00148208 0.00178517 0.03551455 0.0017705  0.00429418 0.00944129
 0.03397327 0.00329753]
[3.5467332e-03 2.5853122e-04 4.9514361e-03 6.2988247e-03 1.6568213e-03
 2.8455147e-04 6.1626546e-03 1.2375420e-02 3.5709611e-04 4.5514104e-04
 3.5310281e-04 4.7075862e-04 1.9753609e-02 9.2643964e-01 2.0853977e-04
 1.4270698e-03 3.5435907e-04 1.5158084e-04 2.5721747e-04 7.0217653e-04
 1.6661208e-04 2.3209602e-03 2.4306050e-03 3.0496140e-04 7.7947028e-05
 3.1983235e-04 1.7322247e-03 5.0000695e-04 5.4409623e-04 2.1608623e-03
 2.7614033e-03 2.1508076e-04]
[0.01471068 0.00159389 0.12509511 0.12090062 0.03637789 0.00223665
 0.26583377 0.00973157 0.00166747 0.00226055 0.0021062  0.0027584
 0.0159824  0.01794456 0.00178688 0.01874052 0.00131501 0.00206936
 0.00135049 0.10190637 0.0016761  0.17131926 0.00808856 0.00137682
 0.0006853  0.00274272 0.0165053  0.00080871 0.00198514 0.00786024
 0.03886399 0.00171956]
[0.04636776 0.0036021  0.03231572 0.01631359 0.03850505 0.00577257
 0.08988848 0.08675673 0.00400591 0.00373798 0.00548405 0.00513579
 0.07838331 0.0725418  0.00444313 0.0249253  0.00421834 0.00511238
 0.0040401  0.202938   0.00288043 0.08437228 0.02261782 0.00426749
 0.00277889 0.00523534 0.05973922 0.00311672 0.00876312 0.01348146
 0.05318924 0.00507   ]
[0.04037266 0.00146253 0.0432809  0.07052983 0.03967166 0.00785548
 0.06504012 0.05137375 0.00166027 0.00259928 0.00315631 0.00589694
 0.04140821 0.04552471 0.00147017 0.01490029 0.00176998 0.00336383
 0.00256086 0.24642321 0.00099062 0.0935621  0.00868646 0.00136581
 0.00222732 0.00220933 0.07574204 0.00317407 0.00433959 0.01667932
 0.0976219  0.00308046]
[0.05519387 0.00200834 0.03761366 0.05685464 0.12199419 0.00596945
 0.06045444 0.07007886 0.00343267 0.00281521 0.00526435 0.00492246
 0.23794718 0.02836319 0.00308667 0.02059393 0.00319819 0.00345515
 0.00313254 0.09248539 0.00275217 0.02118656 0.01064149 0.00279825
 0.00209589 0.00256217 0.04774299 0.0042559  0.0045215  0.0087552
 0.07068576 0.00313782]
[0.03316983 0.00148938 0.23029692 0.14131574 0.02604727 0.0022123
 0.04650693 0.01132931 0.00115395 0.00168628 0.00205926 0.00267362
 0.01728867 0.03330587 0.00144685 0.01278559 0.00085664 0.00146913
 0.00127988 0.14085917 0.00116712 0.2093847  0.00742643 0.00136476
 0.00074805 0.00225081 0.01730656 0.00119926 0.00241271 0.0064679
 0.03949137 0.00154767]
[0.06952218 0.00353491 0.04815343 0.11517451 0.06544495 0.00453559
 0.0357532  0.03182132 0.0043707  0.00550915 0.00514316 0.00440057
 0.05360904 0.02883895 0.00475413 0.01730959 0.00251193 0.00448516
 0.00384269 0.2606736  0.00387318 0.06677867 0.02548167 0.00625202
 0.00233175 0.00357595 0.03293594 0.00486893 0.00543876 0.01303494
 0.06276106 0.00327838]
[0.04062666 0.00332653 0.05748983 0.10514123 0.06722704 0.00334311
 0.04331583 0.0195939  0.00361741 0.00410686 0.00388009 0.00445584
 0.04268587 0.03741172 0.00283034 0.01522116 0.00264063 0.00215413
 0.00398526 0.33455312 0.00298278 0.07828716 0.02647312 0.00643488
 0.00188287 0.00391878 0.02815777 0.00199118 0.00413292 0.01001792
 0.0340491  0.00406499]
[0.04976119 0.00389605 0.01374511 0.08402824 0.06561943 0.00560118
 0.17512302 0.04310133 0.0028053  0.0043975  0.00467892 0.00798082
 0.16877745 0.05763252 0.00505627 0.02140804 0.00286439 0.00443313
 0.00174659 0.07265332 0.00171236 0.01960061 0.01959181 0.00350057
 0.00155277 0.00251062 0.07370236 0.00407452 0.00369944 0.01660821
 0.05491987 0.00321703]
[0.03785961 0.00083991 0.05713817 0.10179741 0.05147635 0.00207184
 0.22969292 0.02317871 0.00158362 0.00115983 0.0019993  0.00209398
 0.02451882 0.09741419 0.00122208 0.01502216 0.00147613 0.00294654
 0.00097902 0.15091985 0.00126755 0.11064908 0.00464317 0.00189042
 0.00087502 0.00178514 0.0191685  0.00126312 0.00167103 0.00867
 0.04165858 0.00106804]
[0.04354307 0.00206406 0.08650847 0.16521972 0.01533759 0.00228326
 0.2694112  0.01332119 0.00109532 0.00512353 0.00250492 0.0024205
 0.01958434 0.04677583 0.00173072 0.01409269 0.00110583 0.00179925
 0.00259056 0.06166981 0.00146953 0.15017854 0.00463878 0.0019243
 0.00163193 0.00324649 0.03210588 0.00136664 0.00215416 0.00674521
 0.03454141 0.00181528]
[0.03675576 0.0018871  0.00302029 0.00893812 0.01020255 0.00674742
 0.07526946 0.11678537 0.00411694 0.00266787 0.00269539 0.00492718
 0.1959022  0.3686282  0.00415438 0.01961231 0.00201706 0.00364545
 0.0035077  0.0185378  0.00218397 0.01122455 0.01087636 0.00554323
 0.00129229 0.00359547 0.01864283 0.00344399 0.00411643 0.00802428
 0.03572524 0.00531277]
[0.06749653 0.00148809 0.01548854 0.02173439 0.02480825 0.00332679
 0.22621354 0.07012776 0.00149444 0.00231462 0.00255099 0.00229602
 0.11688755 0.06460607 0.00225161 0.03686769 0.00190426 0.00508733
 0.00293885 0.09393116 0.00105362 0.0374529  0.01025188 0.00173497
 0.00060936 0.00227255 0.09702763 0.0017285  0.00385229 0.00827224
 0.0697458  0.0021838 ]
[0.03869501 0.00158219 0.03975416 0.19039653 0.03915184 0.00309318
 0.09638274 0.03348486 0.00216659 0.00314213 0.0040482  0.00600247
 0.0385299  0.06677458 0.00179148 0.02230351 0.00202145 0.00333165
 0.00417755 0.13928925 0.00216449 0.09281635 0.00564904 0.00323395
 0.00121904 0.00302665 0.04066107 0.00349908 0.00277252 0.01810119
 0.08926333 0.001474  ]
[0.02337377 0.00179862 0.00592645 0.01170654 0.01407604 0.00465011
 0.08053137 0.40676993 0.00256308 0.00476089 0.00351602 0.00451165
 0.1390075  0.09635027 0.0023471  0.01522703 0.00274254 0.00263226
 0.00213568 0.05487162 0.00173372 0.02003059 0.01003172 0.00388121
 0.00190122 0.00342272 0.03486878 0.00215125 0.00393794 0.01003199
 0.02417527 0.00433515]
[0.07187957 0.00123211 0.03636568 0.17891154 0.09513143 0.00210682
 0.10782348 0.0217336  0.00170093 0.00382959 0.0028335  0.00449247
 0.03101718 0.04687597 0.00197797 0.01482128 0.00313333 0.00196745
 0.0023051  0.16325095 0.00200033 0.05696004 0.02477609 0.00242981
 0.00184567 0.00204699 0.02743242 0.00285597 0.00378124 0.0151688
 0.06507031 0.00224236]
[0.02526634 0.00266078 0.00528476 0.0131099  0.01486684 0.0064557
 0.1588842  0.2804834  0.0034432  0.00494052 0.00492873 0.00490023
 0.13997713 0.06040659 0.002654   0.01454014 0.00322266 0.00435109
 0.00415397 0.08452611 0.00134946 0.03345218 0.01354756 0.00425967
 0.00287534 0.00406103 0.0400215  0.00228429 0.00346718 0.01472101
 0.03720661 0.00369784]
[2.2253927e-02 1.5762034e-03 5.4108930e-01 1.7046869e-02 1.4281747e-02
 2.7477823e-03 2.5651846e-02 2.7652904e-02 2.2483559e-03 1.6805589e-03
 1.8636406e-03 1.5965727e-03 1.0896427e-02 1.3547818e-02 1.3145430e-03
 6.0953554e-03 1.5452156e-03 1.5275199e-03 1.4406387e-03 1.9549218e-01
 6.2886294e-04 5.7781849e-02 7.1433764e-03 1.1408237e-03 3.7073699e-04
 2.1177987e-03 1.2579778e-02 1.2939759e-03 1.5651399e-03 2.7946918e-03
 1.9549411e-02 1.4841887e-03]
[0.04490136 0.00128941 0.10646035 0.17050184 0.1548146  0.00184511
 0.04408515 0.01275687 0.00161122 0.00303164 0.00366372 0.00222345
 0.01897701 0.007397   0.00251118 0.00981851 0.00152315 0.00210808
 0.00213804 0.22246276 0.00108418 0.07043191 0.00922329 0.00134555
 0.00084243 0.00255693 0.02043413 0.00151278 0.00167148 0.00799833
 0.06709775 0.0016808 ]
[0.08318947 0.00245581 0.04190164 0.08232293 0.03110214 0.00420064
 0.13772322 0.03560001 0.00266854 0.00429098 0.00570833 0.00426974
 0.02544882 0.08650665 0.00414582 0.02549314 0.00429249 0.00931475
 0.00511936 0.15749395 0.001738   0.0846857  0.01592654 0.00367854
 0.00154068 0.00263441 0.04040598 0.00324775 0.00359733 0.01055213
 0.07685678 0.00188778]
[2.3597814e-02 6.0834765e-04 4.3580160e-02 2.0547406e-01 1.1493713e-02
 1.2570012e-03 4.2445666e-01 1.4503166e-02 1.0962426e-03 8.8660134e-04
 9.3494251e-04 1.3829288e-03 1.3199708e-02 1.5981982e-02 5.7178055e-04
 1.0697279e-02 3.9330448e-04 1.1202128e-03 1.2108554e-03 3.3396062e-02
 1.1158519e-03 1.4107877e-01 3.2600707e-03 1.2539773e-03 8.4918900e-04
 1.5211295e-03 1.8412139e-02 1.0163373e-03 1.3994859e-03 4.1247760e-03
 1.9380340e-02 7.4513321e-04]
[0.04016611 0.00140082 0.03484404 0.10679106 0.02945901 0.00473064
 0.09977701 0.05050253 0.00177101 0.00166604 0.00287092 0.0073392
 0.05617236 0.0394502  0.00178119 0.03402622 0.00208148 0.00405337
 0.00288094 0.20885955 0.0017008  0.06192521 0.00876818 0.00241233
 0.00178155 0.00196691 0.04995742 0.00274211 0.00245705 0.0118728
 0.12097938 0.00281257]
[0.06873298 0.00220446 0.0436838  0.03765457 0.04476656 0.00707555
 0.13368383 0.12626255 0.00367716 0.00365848 0.00535242 0.01378142
 0.10760456 0.03284112 0.00316758 0.03442279 0.00579927 0.00342059
 0.00461608 0.10687143 0.00405535 0.04351952 0.02507823 0.00414995
 0.00280352 0.00439968 0.03913045 0.0041518  0.00589748 0.01118093
 0.0627499  0.00360596]
[0.03450302 0.00501312 0.23485479 0.07468774 0.04890911 0.0056158
 0.07729001 0.02475881 0.00288889 0.00513701 0.004392   0.00661256
 0.04579147 0.03832995 0.00244659 0.0193702  0.0031677  0.00268289
 0.00368651 0.12909831 0.00320882 0.11596652 0.00911777 0.00472928
 0.0015614  0.00330121 0.03523418 0.00360014 0.00413819 0.0159908
 0.03031597 0.00359926]
[0.0354376  0.00103926 0.04568803 0.12800904 0.03991703 0.00303258
 0.08458946 0.04383972 0.00244854 0.00303248 0.00431455 0.00301195
 0.02271104 0.10054509 0.00120088 0.02475918 0.00172    0.0028281
 0.00378979 0.22060534 0.00164335 0.0763702  0.0059639  0.00332833
 0.00099702 0.00295266 0.04941079 0.00330778 0.00269555 0.01382656
 0.06576417 0.00122002]
[0.03396298 0.00397456 0.05102639 0.02486693 0.05791323 0.00792
 0.07789297 0.10262231 0.00191717 0.00269586 0.00697272 0.00719139
 0.13359798 0.04681215 0.0052777  0.0328606  0.00314271 0.00346325
 0.00417444 0.16876844 0.00220769 0.05026901 0.01265643 0.00758422
 0.00192699 0.00395469 0.0516998  0.00421776 0.00572569 0.02049499
 0.05957518 0.00263374]
[0.04105801 0.00355882 0.02329076 0.02863861 0.0483148  0.00659214
 0.13040064 0.04034774 0.0029758  0.00548461 0.00654092 0.00447056
 0.09463459 0.05086814 0.00354416 0.02191844 0.00273461 0.00535213
 0.0037541  0.22824085 0.00169481 0.03725034 0.02073843 0.00852696
 0.00205635 0.0026687  0.07692439 0.00411654 0.00514128 0.01865555
 0.06627177 0.00323448]
[0.02810905 0.00100369 0.09520333 0.14393069 0.0245687  0.00142877
 0.45851424 0.01393681 0.00099249 0.00181368 0.00193569 0.0012971
 0.02347087 0.03072635 0.00138866 0.011407   0.00114095 0.00203133
 0.00126209 0.01613982 0.00153595 0.07887039 0.00462396 0.00171216
 0.00078241 0.0023267  0.02020864 0.00107914 0.00105567 0.0053787
 0.02108008 0.00104484]
[0.03301918 0.00131634 0.06066459 0.03951673 0.00840601 0.00365008
 0.05552123 0.03924388 0.00220468 0.00282846 0.00270035 0.00295044
 0.05645348 0.54932916 0.00145476 0.00992389 0.00147044 0.00221435
 0.0023649  0.02052164 0.00169762 0.02929004 0.00681196 0.00213858
 0.00096111 0.00277372 0.0112203  0.0019059  0.00340405 0.01132126
 0.03124765 0.00147323]
[0.08121938 0.00168237 0.02279734 0.06964765 0.04458676 0.0054358
 0.0904787  0.06792794 0.00225793 0.00343819 0.00547697 0.00687338
 0.13165963 0.04685183 0.00234773 0.03595141 0.00243469 0.00313393
 0.00221604 0.0864615  0.00207866 0.06315515 0.01302468 0.00369423
 0.00178708 0.00337633 0.04025792 0.00374404 0.00474243 0.01802453
 0.1306101  0.00262565]
[0.05546356 0.00273671 0.01383112 0.03764752 0.04233543 0.00430977
 0.12799317 0.08682819 0.00213769 0.0058304  0.00461498 0.00332491
 0.05180384 0.07009543 0.0032262  0.02648472 0.00462098 0.0077969
 0.00551624 0.18743499 0.00427513 0.05100631 0.01288775 0.00526268
 0.001545   0.0038484  0.08275562 0.00442931 0.00584126 0.02371
 0.05511696 0.00528874]
[0.01661455 0.00105749 0.04470079 0.24772619 0.02202946 0.00111404
 0.12681603 0.02994725 0.00125656 0.00340778 0.0024689  0.00346909
 0.02521127 0.15649931 0.00106458 0.01955915 0.00121879 0.00180279
 0.00111375 0.05557592 0.0009554  0.0763675  0.02135648 0.00120459
 0.00136355 0.00153371 0.02945249 0.00217218 0.00509923 0.01861771
 0.07721075 0.00201269]
[0.05191636 0.00334755 0.05677415 0.02126758 0.05976138 0.00684695
 0.06418952 0.05391903 0.0036653  0.00629853 0.00650016 0.00829931
 0.08714449 0.04293161 0.00327714 0.02111292 0.00413635 0.0031262
 0.0050213  0.2508775  0.00274623 0.03973822 0.01529222 0.00389771
 0.00285586 0.00384617 0.09170107 0.00251261 0.00526809 0.0137996
 0.05369901 0.00422981]
[0.08768727 0.0028592  0.09867547 0.02876007 0.05360023 0.00604719
 0.05709112 0.05934534 0.00420866 0.00444337 0.0050723  0.00547735
 0.08035972 0.02631473 0.00477808 0.01834692 0.00199513 0.00382408
 0.00478402 0.26041755 0.00246255 0.036187   0.01567427 0.00403711
 0.00164533 0.00377279 0.04953355 0.0024458  0.00381423 0.01111707
 0.05232782 0.0028947 ]
[0.01772051 0.00091309 0.0541742  0.13081169 0.01624976 0.00128205
 0.49690923 0.01200627 0.00081198 0.00173797 0.00204202 0.00156995
 0.01844214 0.01867656 0.00068236 0.01356467 0.00064015 0.00146011
 0.00095902 0.02153184 0.00080559 0.12615652 0.00400686 0.00134944
 0.00068331 0.00209464 0.01884237 0.00108877 0.00103795 0.00479433
 0.02587793 0.00107666]
[1.1158974e-02 1.0892174e-03 7.9132563e-01 2.3455299e-02 4.6478435e-03
 1.1351507e-03 9.5369462e-03 6.4496771e-03 5.1721220e-04 4.8792691e-04
 8.9422346e-04 1.3298673e-03 5.9609413e-03 9.7618094e-03 6.5604667e-04
 4.7936006e-03 9.9443959e-04 5.2513240e-04 7.9339871e-04 5.5243116e-02
 2.8926611e-04 4.4321261e-02 5.2051414e-03 6.8959157e-04 6.7928224e-04
 6.1005465e-04 6.1224294e-03 3.2140341e-04 6.6419248e-04 2.5775025e-03
 7.3866900e-03 3.7679661e-04]
[0.05838502 0.00319793 0.05265246 0.05993198 0.05675639 0.00506017
 0.05114468 0.02784154 0.00321854 0.00540834 0.00645613 0.0059254
 0.04884349 0.01956369 0.00527193 0.02074911 0.0031479  0.00608063
 0.0035196  0.36878252 0.00232768 0.03660758 0.01661919 0.00786278
 0.00176226 0.00328612 0.04401989 0.00338513 0.00497811 0.01323013
 0.04974305 0.00424072]
[0.0248859  0.00160093 0.1280841  0.15577412 0.10137042 0.00232835
 0.03646511 0.01834819 0.00172489 0.00288617 0.00263346 0.0020782
 0.0249011  0.00770082 0.00223243 0.01011273 0.00174652 0.0024673
 0.0021535  0.28042337 0.00151237 0.08028889 0.01319812 0.00173359
 0.00092842 0.00255577 0.02408841 0.00132157 0.00223893 0.009577
 0.05132666 0.00131272]
[0.04166915 0.00099803 0.03730195 0.20442717 0.04591572 0.00231938
 0.05073152 0.01559472 0.00177188 0.00198696 0.00270737 0.00218876
 0.01272217 0.02942637 0.00145063 0.00751601 0.00124081 0.00243284
 0.00193088 0.09789708 0.00153413 0.34437278 0.01086264 0.00157978
 0.00104005 0.0010043  0.02011441 0.00126468 0.00241615 0.00542152
 0.04674295 0.00141726]
[0.07241484 0.00413306 0.02532084 0.01845787 0.03107633 0.00727586
 0.04611859 0.10580316 0.00430577 0.00653856 0.00776255 0.0084923
 0.09759974 0.04618634 0.00461622 0.03904354 0.00530061 0.00411105
 0.00540073 0.21191283 0.00325508 0.03916297 0.02122675 0.00601359
 0.00333962 0.00714735 0.06281987 0.00390812 0.00706892 0.01845078
 0.06904968 0.00668654]
[0.08089575 0.00233744 0.05038146 0.09357718 0.11161355 0.00508211
 0.02010149 0.17251052 0.00289676 0.0024651  0.00707539 0.00511598
 0.15122156 0.00888195 0.0031766  0.01911258 0.00288117 0.00349787
 0.00333542 0.09295031 0.00205066 0.01697573 0.01755144 0.00360288
 0.00313921 0.00357592 0.06294639 0.00522256 0.00318398 0.01109189
 0.02894918 0.00259998]
[5.4426747e-03 2.9723166e-04 4.0242952e-04 2.4257179e-03 1.6856835e-03
 7.0103974e-04 2.9649828e-03 1.2319000e-02 4.0931453e-04 6.0181209e-04
 4.0995717e-04 4.6448765e-04 1.5716096e-02 9.2900944e-01 5.6259154e-04
 3.6145712e-03 2.4530888e-04 3.5314407e-04 2.5554959e-04 3.4997557e-04
 2.6253553e-04 9.8000665e-04 4.1272710e-03 2.5012830e-04 1.4299137e-04
 3.4330398e-04 1.8923670e-03 4.6521556e-04 1.3994753e-03 5.2060746e-03
 6.3467352e-03 3.5284495e-04]
[0.0342781  0.00334113 0.02161833 0.01166206 0.02907473 0.00723796
 0.08800941 0.09583931 0.00214413 0.00325168 0.00399621 0.00524288
 0.07958547 0.04172132 0.00352151 0.01787676 0.00168073 0.0038497
 0.00483458 0.3117376  0.00204418 0.06899752 0.01285536 0.0049002
 0.00166488 0.00256041 0.0465274  0.00265015 0.00353922 0.01233935
 0.06829694 0.00312076]
[0.12274605 0.00255094 0.02965054 0.13749889 0.04601999 0.00663754
 0.0465666  0.06892832 0.0027767  0.00207546 0.0080053  0.00771661
 0.10551584 0.07147878 0.00176639 0.02964716 0.00166255 0.00150207
 0.00118189 0.12272565 0.00119071 0.06369021 0.01329421 0.00400957
 0.00169091 0.00481007 0.01960569 0.00391817 0.00262634 0.01157457
 0.05425292 0.00268337]
[0.03665469 0.00079553 0.0333231  0.2515741  0.03667875 0.0024896
 0.05060573 0.01068296 0.00174816 0.00198206 0.00232984 0.00260273
 0.01320714 0.01983837 0.00116754 0.01091929 0.00129913 0.00255632
 0.00145244 0.08452077 0.00113228 0.35722604 0.0090862  0.00169346
 0.00090291 0.00092366 0.01721132 0.00107341 0.00166083 0.00421153
 0.03681116 0.00163886]
[0.06318621 0.00132983 0.03278233 0.02958993 0.03613368 0.0056184
 0.04694742 0.05965143 0.00298048 0.0038955  0.00311964 0.00529083
 0.05428532 0.02020563 0.00325926 0.01680623 0.00160004 0.00258628
 0.00135672 0.4127805  0.00157724 0.05430261 0.00582584 0.00261204
 0.00085425 0.00289367 0.04398384 0.0019971  0.0032925  0.01162897
 0.0659683  0.00165795]
[0.0725401  0.00315411 0.06066156 0.08854665 0.05927773 0.01068377
 0.10167433 0.01884247 0.00421169 0.00687527 0.00887625 0.00781452
 0.03649218 0.04534256 0.00652434 0.02834235 0.00320601 0.00725697
 0.00460526 0.15641166 0.00423431 0.08599424 0.01484294 0.00486271
 0.00270967 0.00388762 0.04575969 0.00296845 0.00895669 0.02383823
 0.06670135 0.00390424]
[2.3605353e-03 2.1409300e-04 2.0166626e-03 6.5380698e-03 1.6061218e-03
 2.0177726e-04 4.4790180e-03 1.1253722e-02 2.7227087e-04 3.0241572e-04
 3.2700622e-04 5.9078733e-04 1.5746698e-02 9.3724072e-01 2.3927138e-04
 1.1804956e-03 2.5796311e-04 2.5545474e-04 1.2913966e-04 9.7918301e-04
 2.6862448e-04 2.7935416e-03 2.6515091e-03 3.8045517e-04 8.0114543e-05
 4.1514391e-04 1.9478068e-03 2.6351926e-04 6.9302291e-04 1.7454601e-03
 2.2686590e-03 3.0082677e-04]
[0.02757769 0.00144258 0.09394611 0.22492364 0.02035796 0.00190802
 0.3390567  0.00852015 0.00154111 0.00431455 0.00156099 0.00208582
 0.01267486 0.06248877 0.00127643 0.0118808  0.00110947 0.00165089
 0.001258   0.02577399 0.00193193 0.07252039 0.00501741 0.00209239
 0.00183775 0.00228802 0.02017305 0.00219219 0.00245054 0.01125294
 0.03150247 0.00139237]
[0.07406409 0.00271143 0.06770532 0.10517056 0.10735233 0.00590495
 0.03512912 0.09360658 0.00350879 0.00455787 0.0051589  0.0085815
 0.12385232 0.02422867 0.0028898  0.02193326 0.00303672 0.00255915
 0.00281573 0.0880262  0.00301112 0.02452736 0.01505055 0.00390748
 0.00336782 0.00454629 0.04378775 0.0046091  0.00614185 0.01517978
 0.08849446 0.00458309]
[0.04303381 0.00260515 0.01422641 0.03413186 0.05108111 0.00563677
 0.09532656 0.06276121 0.00324779 0.00466829 0.00583512 0.00661398
 0.09220021 0.11244106 0.00465755 0.03455256 0.00364953 0.00605034
 0.00388135 0.1652017  0.00276636 0.03741749 0.02392842 0.00475316
 0.00338041 0.00584609 0.07149905 0.00429398 0.00847181 0.01975408
 0.06161291 0.00447382]
[0.02429046 0.00146404 0.05638874 0.39483324 0.11716323 0.00107378
 0.05664115 0.01482903 0.00176761 0.0024145  0.00236181 0.00261634
 0.02305    0.01433765 0.00174511 0.00823386 0.00127684 0.00167027
 0.00124906 0.12419903 0.00110223 0.04889366 0.00902717 0.00214024
 0.001637   0.0019145  0.02400314 0.00156197 0.00168022 0.00738863
 0.04733733 0.00170821]
[0.11793468 0.0026735  0.04561576 0.01661631 0.02620184 0.00462676
 0.05706957 0.06444725 0.00480796 0.00455819 0.00535904 0.00517764
 0.19473147 0.04857172 0.00356295 0.02496242 0.00404167 0.00161856
 0.00328542 0.17713512 0.0022517  0.0229199  0.01013713 0.00492286
 0.00151495 0.00463236 0.06776065 0.00438047 0.00565892 0.01227802
 0.04756529 0.00297987]
[0.04674987 0.0041017  0.01664321 0.11856246 0.08543287 0.00511294
 0.10644495 0.03763709 0.00209059 0.00525805 0.00367466 0.00666726
 0.12078836 0.04867503 0.00381943 0.02176242 0.00315381 0.00403793
 0.00323563 0.13090874 0.00158132 0.02926727 0.02062026 0.00319846
 0.00228784 0.00302985 0.05326383 0.00282333 0.00323896 0.01511631
 0.08726501 0.00355055]
[0.03336019 0.00127377 0.1087851  0.2864075  0.26941064 0.00158037
 0.01279877 0.04485585 0.00250696 0.00168832 0.00258508 0.00299892
 0.02436516 0.00267641 0.00182775 0.00940446 0.00116577 0.00230922
 0.00155775 0.08179061 0.00113834 0.02388003 0.00907644 0.00189101
 0.00170007 0.00184772 0.03386857 0.00267435 0.00286592 0.00606148
 0.01992189 0.0017256 ]
[1.3926321e-02 1.2174714e-03 7.7404875e-01 5.7608965e-03 6.5190978e-03
 9.1696280e-04 1.1269637e-02 9.5099723e-03 8.3696179e-04 6.0496351e-04
 9.3123683e-04 1.3811674e-03 8.3015664e-03 7.6262034e-03 6.6793762e-04
 2.9117877e-03 6.6506176e-04 5.4601830e-04 6.7567930e-04 1.0430171e-01
 3.3072045e-04 2.2583097e-02 2.7576694e-03 5.5657094e-04 3.2747354e-04
 9.5187325e-04 7.4826665e-03 4.8586965e-04 7.5952802e-04 1.2663370e-03
 9.2575885e-03 6.2121631e-04]
[0.02282425 0.00122308 0.07256936 0.14991675 0.237829   0.002511
 0.02463197 0.01504266 0.0024121  0.00230558 0.00378049 0.00297926
 0.0191531  0.00205493 0.00245733 0.00605315 0.00153422 0.00190065
 0.00147671 0.26886156 0.00117705 0.08156168 0.00641221 0.00189521
 0.00091738 0.00183822 0.02535978 0.00089996 0.0015332  0.00939167
 0.02585298 0.00164344]
[1.5088175e-02 9.7591954e-04 6.6162586e-01 1.7421307e-02 1.9349048e-02
 1.6522689e-03 2.8587962e-02 1.4226343e-02 1.1005880e-03 1.4011849e-03
 1.9634964e-03 1.4078394e-03 2.1849036e-02 1.0122474e-01 4.9030100e-04
 7.9448875e-03 9.5477450e-04 1.4602595e-03 1.0477350e-03 1.5708039e-02
 1.6212254e-03 4.0767554e-02 2.8222287e-03 1.6578729e-03 8.0232788e-04
 1.3915675e-03 1.4793471e-02 8.7683910e-04 1.6351263e-03 4.0468588e-03
 1.2997793e-02 1.1073825e-03]
[0.06214194 0.00104569 0.05986919 0.09359982 0.04059193 0.00445179
 0.12296093 0.03846271 0.0012599  0.00131946 0.00347098 0.0035407
 0.0367673  0.02741911 0.00116397 0.01377753 0.00207198 0.00296711
 0.00233072 0.20622344 0.00151234 0.10791397 0.00615034 0.00121692
 0.00167637 0.00256284 0.03404602 0.00246213 0.00343383 0.01033878
 0.10160993 0.0016403 ]
[0.07801657 0.00179049 0.10405166 0.02436529 0.06717502 0.00326248
 0.07256257 0.0728019  0.00269515 0.00428003 0.00341826 0.00837994
 0.10504725 0.03175797 0.00332418 0.02102625 0.00341457 0.00183946
 0.00403429 0.20030773 0.00223634 0.04502819 0.01145643 0.00499765
 0.00368377 0.0027325  0.04194641 0.0026135  0.00493319 0.01451763
 0.04952021 0.00278313]
[0.03484476 0.00112691 0.09357154 0.19450209 0.0481375  0.00218384
 0.10163807 0.01890917 0.00203498 0.00192748 0.00218852 0.00312516
 0.02292304 0.05397484 0.00115425 0.01498876 0.00107262 0.00177634
 0.00126593 0.15568234 0.00166686 0.12741241 0.01253446 0.00139466
 0.00068199 0.00121822 0.02913422 0.0015836  0.00304771 0.00908363
 0.05399359 0.00122052]
[0.16610563 0.00087522 0.032669   0.01364402 0.04401707 0.0037353
 0.07636283 0.09994273 0.00220062 0.00291465 0.00945131 0.00461108
 0.2618583  0.04117797 0.00277915 0.01927769 0.00535183 0.00321989
 0.00192501 0.0459215  0.00317995 0.02535561 0.01261904 0.00966951
 0.00289421 0.00426817 0.03255799 0.00338858 0.00458787 0.02038654
 0.03885647 0.00419526]
[0.0324869  0.00305124 0.09604347 0.05387633 0.06521402 0.00392812
 0.05064088 0.01891316 0.0035532  0.0041721  0.00472448 0.00578798
 0.02459312 0.0220913  0.00320716 0.0188269  0.00409934 0.00391416
 0.00358872 0.31576234 0.00370874 0.1451991  0.01131504 0.00346925
 0.00156704 0.00410475 0.02113771 0.00352866 0.00630679 0.01779872
 0.03927622 0.00411299]
[0.02960309 0.00127342 0.00655394 0.01225682 0.02555947 0.00389439
 0.16977634 0.08865485 0.00151325 0.00234639 0.00132984 0.0034505
 0.14312917 0.07955961 0.0023164  0.02095312 0.00108885 0.0018422
 0.00167346 0.263847   0.00093759 0.0278501  0.00913887 0.00392678
 0.00086555 0.00235847 0.0317957  0.00227263 0.00283605 0.00654538
 0.04877934 0.00207139]
[0.0502922  0.00107752 0.08996935 0.14156008 0.27046618 0.00289417
 0.01768244 0.03668433 0.00148164 0.0021414  0.00172732 0.00578169
 0.0363059  0.01245825 0.00173685 0.01492289 0.00143911 0.00175356
 0.00119423 0.15281078 0.00114868 0.05487578 0.00571345 0.00188156
 0.00179918 0.0033305  0.03282837 0.00161935 0.00283273 0.01036312
 0.03631742 0.00291001]
[0.08966611 0.00193006 0.021621   0.07420266 0.05526886 0.00526839
 0.09648132 0.06959469 0.00263158 0.00427753 0.00332105 0.00405335
 0.05918901 0.03977392 0.00201985 0.02332637 0.00293515 0.00420793
 0.00331575 0.19432458 0.00343814 0.08449084 0.01557145 0.00320298
 0.00165976 0.00260255 0.05539582 0.0027609  0.00218067 0.0145512
 0.05487565 0.00186098]
[0.02925125 0.00169021 0.101521   0.12779379 0.0535498  0.00431612
 0.05527912 0.01042063 0.00094447 0.00241165 0.00262303 0.00321815
 0.0350363  0.06415982 0.00206048 0.01391823 0.00102907 0.0017569
 0.00194561 0.25199077 0.00142527 0.14336267 0.00573299 0.00231334
 0.0010407  0.00191196 0.01583438 0.00111757 0.00265619 0.0090926
 0.04814387 0.00245206]
[0.04034277 0.00086266 0.05600657 0.28593192 0.03868751 0.0015006
 0.14088994 0.01841294 0.00163988 0.00189375 0.00203929 0.00288197
 0.01775569 0.08316424 0.00132285 0.01535613 0.00095588 0.00192644
 0.00134694 0.09836102 0.00093577 0.07817178 0.00795336 0.00179719
 0.00086379 0.00146226 0.02519981 0.00147986 0.0024987  0.01112329
 0.05557829 0.00165694]
[1.15397042e-02 1.69803947e-03 7.88392663e-01 4.16600220e-02
 7.32849957e-03 1.58592663e-03 1.35206608e-02 3.10364272e-03
 1.19199196e-03 1.39652938e-03 1.86156051e-03 1.24263868e-03
 1.20057585e-02 2.12325435e-02 6.32287411e-04 3.33999679e-03
 7.65800010e-04 1.11642992e-03 1.05516345e-03 1.70673747e-02
 1.20910723e-03 3.32308300e-02 3.51560675e-03 1.74738059e-03
 6.24490902e-04 1.79180223e-03 8.97474587e-03 9.19648213e-04
 1.82765292e-03 4.09536529e-03 9.46326461e-03 8.62848479e-04]
[1.21440610e-03 7.20078460e-05 7.40697549e-04 1.83560129e-03
 4.98177425e-04 9.24872438e-05 3.74089088e-03 3.12409224e-03
 8.29740020e-05 9.88584143e-05 1.67266859e-04 1.59281146e-04
 5.60610043e-03 9.77962792e-01 7.62803320e-05 5.12746803e-04
 6.24745153e-05 6.46429617e-05 3.09434108e-05 8.76114427e-05
 5.87698014e-05 3.35696852e-04 8.58447689e-04 8.04675728e-05
 3.89002962e-05 1.20154575e-04 5.73318044e-04 1.12734277e-04
 2.38492605e-04 7.00122211e-04 6.05773821e-04 4.67694335e-05]
[0.0831719  0.00299991 0.10394101 0.05588408 0.04789405 0.00747224
 0.0916932  0.06521881 0.00202452 0.00432059 0.00463906 0.0032112
 0.1397143  0.02065053 0.00354548 0.0269404  0.00354042 0.00315597
 0.00341874 0.0998769  0.00246995 0.05385656 0.01281469 0.00498433
 0.0013602  0.00236906 0.05025697 0.00226482 0.00373041 0.01620458
 0.07400732 0.00236782]
[5.4061473e-03 8.1073382e-04 9.0828502e-01 2.2640768e-02 2.0299279e-03
 4.5780346e-04 1.0100293e-02 2.0422111e-03 7.0926955e-04 4.1835132e-04
 1.5406277e-04 3.4189058e-04 4.8836977e-03 5.1843016e-03 3.2868635e-04
 3.5327021e-03 2.6405856e-04 2.4990263e-04 2.9502757e-04 8.5416213e-03
 2.5571376e-04 1.4128794e-02 9.1070920e-04 3.4818053e-04 2.1022648e-04
 3.3332952e-04 2.9296207e-03 1.3131746e-04 3.0866935e-04 1.1482334e-03
 2.2345055e-03 3.8412158e-04]
[0.06036225 0.00213779 0.08338013 0.02738549 0.04297685 0.00632639
 0.0497093  0.08613195 0.00310058 0.00271301 0.00462924 0.00990266
 0.07096121 0.02571309 0.00322775 0.02247534 0.00342493 0.0034442
 0.00248336 0.25377744 0.00270896 0.05917066 0.01490746 0.00354774
 0.00173783 0.00345635 0.04456032 0.00394013 0.00489757 0.01060032
 0.08248255 0.00372706]
[0.12035837 0.00177258 0.02614511 0.03450924 0.04436082 0.0035481
 0.14553879 0.05701698 0.00452863 0.00672404 0.00593331 0.00897813
 0.17134579 0.05240538 0.00277698 0.02363235 0.0034899  0.00332013
 0.00516613 0.04935458 0.00503922 0.02658849 0.01799009 0.00430339
 0.00484863 0.00491059 0.05675047 0.00274929 0.01134113 0.01491044
 0.07517423 0.00448863]
[0.05682886 0.00311097 0.06408325 0.16681151 0.06401564 0.00307722
 0.04853078 0.02047783 0.00358378 0.0056899  0.00299447 0.00681284
 0.03972517 0.02426839 0.00292611 0.01528541 0.00317221 0.00191736
 0.00427879 0.28603944 0.00264963 0.04936896 0.0287588  0.00696106
 0.00240732 0.00444813 0.02716849 0.00222084 0.004118   0.00669352
 0.03884023 0.00273506]
[0.04731362 0.0022478  0.01945171 0.0919653  0.04661916 0.00628645
 0.17096037 0.08718386 0.00198668 0.0044665  0.00350445 0.00469775
 0.04995693 0.02348665 0.00279578 0.01765205 0.00509419 0.00578168
 0.00660858 0.09735217 0.0021409  0.04640552 0.01787162 0.00419599
 0.00157848 0.00197534 0.06641977 0.00291516 0.00290976 0.0198325
 0.13658395 0.00175933]
[0.05292414 0.00106299 0.01691947 0.00767757 0.02872857 0.0027971
 0.20318493 0.05171303 0.00145481 0.00194423 0.00220211 0.00345248
 0.17240082 0.10122149 0.00296454 0.02009222 0.00156263 0.00190557
 0.00271936 0.13731726 0.00060153 0.0231896  0.00851336 0.00220597
 0.00064851 0.0019524  0.03790746 0.00172684 0.00300525 0.00810711
 0.09600372 0.00189295]
[0.03019806 0.00187777 0.01850724 0.01334761 0.01986526 0.00462274
 0.01472729 0.04513331 0.00393876 0.00192011 0.00308078 0.0034044
 0.0351817  0.01108771 0.00224519 0.00882588 0.00074771 0.00157066
 0.00144029 0.64590067 0.00117984 0.02806816 0.01413467 0.00294925
 0.00119043 0.00241165 0.04528927 0.0019235  0.00375085 0.00749309
 0.02147907 0.00250701]
[0.03654693 0.00152719 0.06639984 0.29073313 0.15212236 0.00148913
 0.03818827 0.01942463 0.00205988 0.00373182 0.00315187 0.00324575
 0.01499872 0.00906353 0.00167895 0.00969507 0.00138052 0.00161152
 0.00138159 0.20155783 0.00199283 0.05137675 0.01179737 0.00278016
 0.00101893 0.00143184 0.01973196 0.00155865 0.00246251 0.00801471
 0.03610199 0.0017438 ]
[0.06261961 0.00377494 0.09836914 0.02030039 0.04244283 0.00827968
 0.07083128 0.05782088 0.00278236 0.00585593 0.00785248 0.00469399
 0.09520797 0.0696142  0.00291482 0.0291107  0.00262353 0.00445711
 0.00777952 0.17671525 0.00336395 0.03981761 0.0128772  0.00597355
 0.00279176 0.00361954 0.05331182 0.00396864 0.00477092 0.02097079
 0.06943235 0.00505518]
[0.04502168 0.00239953 0.05845341 0.02185998 0.04407226 0.00425994
 0.08298427 0.12554535 0.00354998 0.00457577 0.00520735 0.00702107
 0.1259822  0.04366303 0.00264345 0.01920107 0.00293976 0.004632
 0.00514645 0.16758165 0.00219996 0.03413894 0.01502193 0.005362
 0.00160331 0.00336219 0.05890948 0.00258992 0.0044855  0.01210287
 0.08013327 0.00335036]
[0.08682527 0.00234842 0.0115689  0.01932765 0.04298858 0.00553487
 0.06332429 0.10763221 0.00272226 0.00513142 0.0047636  0.01099676
 0.27143896 0.07213244 0.0042693  0.01238899 0.00467696 0.00309235
 0.00227308 0.04564712 0.00382557 0.02802464 0.01816463 0.00454615
 0.00311007 0.00620712 0.03667314 0.00328886 0.00767058 0.01688689
 0.08790223 0.00461668]
[0.05934283 0.00375466 0.05249333 0.0332049  0.07177596 0.00390885
 0.06048711 0.08891308 0.00333609 0.00884379 0.00516775 0.0071062
 0.17747776 0.1385667  0.00491833 0.0204271  0.00252233 0.00451839
 0.0071567  0.07372223 0.00192132 0.01696041 0.01857072 0.00540033
 0.00242197 0.00373219 0.03544345 0.00434816 0.00606327 0.0187751
 0.05610123 0.00261774]
[1.06690526e-02 3.29561444e-04 9.37602520e-01 6.57864753e-03
 6.15453208e-03 2.87805742e-04 4.32782294e-03 2.63451994e-03
 1.76724992e-04 3.28796072e-04 5.09744976e-04 2.14160114e-04
 3.99245601e-03 6.63260976e-03 2.33407394e-04 2.78937188e-03
 3.76521231e-04 2.20883288e-04 1.63466029e-04 3.43249482e-03
 3.27164133e-04 2.95878272e-03 1.09599263e-03 5.20620088e-04
 2.25365307e-04 1.10836845e-04 2.59024440e-03 2.18182118e-04
 1.76218091e-04 5.78809122e-04 3.39998538e-03 1.42605495e-04]
[0.0998208  0.00200963 0.06765524 0.06924906 0.10950493 0.00345355
 0.06677619 0.04809685 0.00281154 0.00595807 0.00436041 0.00408712
 0.06576154 0.13680378 0.00251777 0.01768989 0.00394032 0.00319683
 0.00238694 0.05614508 0.00237478 0.0485625  0.01973374 0.00481079
 0.00227306 0.00372824 0.04711746 0.0030268  0.00292185 0.01161042
 0.07888528 0.00272956]
[4.8333951e-03 1.7874305e-04 6.6097951e-03 2.7098116e-03 3.2014712e-03
 2.9927606e-04 6.5684477e-03 6.9200038e-03 3.5985294e-04 5.2658946e-04
 4.2444022e-04 4.7128508e-04 1.8039152e-02 9.3176222e-01 2.3772694e-04
 2.3153769e-03 1.7524790e-04 2.9494037e-04 3.1389386e-04 8.4217725e-04
 1.5969794e-04 1.3586771e-03 1.2194443e-03 4.7721667e-04 9.9783945e-05
 4.0911121e-04 2.2433538e-03 3.6047687e-04 5.8888254e-04 2.4348299e-03
 3.2660519e-03 2.9859439e-04]
[0.02358954 0.00112064 0.06355871 0.27486262 0.03530046 0.00376691
 0.04190799 0.01839288 0.0010123  0.00148913 0.0014034  0.00320374
 0.01471177 0.03237365 0.00079217 0.01581502 0.00079462 0.00130068
 0.00124385 0.19751862 0.00036371 0.22394685 0.00342611 0.00082374
 0.0008337  0.00119043 0.01322367 0.00067225 0.0011988  0.00381794
 0.01519049 0.00115362]
[0.067534   0.00183388 0.07545973 0.18199794 0.0529905  0.00604829
 0.09458718 0.06116196 0.00333891 0.00543123 0.00519703 0.00637942
 0.07243147 0.01619142 0.00374114 0.0301165  0.00307802 0.00281168
 0.00313278 0.10404078 0.00270264 0.05084501 0.01540749 0.00416387
 0.00304901 0.00239469 0.05467467 0.0032602  0.00297418 0.01847688
 0.04062886 0.00391867]
[0.05828093 0.00204252 0.03541702 0.09618359 0.10005713 0.00552069
 0.02466386 0.19160843 0.00362357 0.00549957 0.00331197 0.01243769
 0.10524664 0.01171926 0.00323286 0.02213928 0.00209675 0.00310505
 0.00283766 0.1557478  0.00208238 0.02262147 0.01487807 0.00335667
 0.00206571 0.00339873 0.05468136 0.00295838 0.00411659 0.01711241
 0.02420529 0.0037507 ]
[0.19141568 0.00096145 0.04346879 0.0182127  0.0518341  0.00394338
 0.0730947  0.05488607 0.00199745 0.00411949 0.00716407 0.00650906
 0.28366622 0.04892166 0.00267263 0.01786604 0.00534194 0.00403295
 0.00231518 0.02917402 0.00453867 0.02311025 0.01796308 0.00539903
 0.00360387 0.00431059 0.02982399 0.00362094 0.00675045 0.01177944
 0.03306386 0.00443828]
[0.07835069 0.00418984 0.04380121 0.0704751  0.03869035 0.0055132
 0.04722307 0.06993229 0.0054529  0.00562373 0.00453057 0.00805684
 0.05570544 0.08296818 0.00490626 0.01130696 0.00525296 0.00571042
 0.00268551 0.14769866 0.00298314 0.09047231 0.02156631 0.0038573
 0.00300518 0.00497211 0.09670659 0.004452   0.00535617 0.02072703
 0.04417476 0.0036529 ]
[0.2077119  0.00054284 0.02510664 0.01422322 0.03138459 0.00217241
 0.07854858 0.07830934 0.00166955 0.002777   0.00584028 0.00459536
 0.2955249  0.0532967  0.00197743 0.01722257 0.0029032  0.00228828
 0.00266237 0.02549154 0.00326273 0.01951367 0.01733669 0.00363211
 0.00162635 0.00464536 0.02870597 0.00221517 0.00588505 0.01574559
 0.03969635 0.00348622]
[0.04216946 0.00134098 0.00349368 0.00624795 0.01145369 0.00445683
 0.08243742 0.1146408  0.00191334 0.00258639 0.00251017 0.00470123
 0.29552066 0.28263092 0.00275352 0.01657805 0.0015212  0.00210952
 0.00264659 0.01270985 0.00212278 0.0110868  0.00648921 0.00309561
 0.0012197  0.00221168 0.02739396 0.00324914 0.00374288 0.01140234
 0.03013845 0.0034252 ]
[0.04027043 0.00226359 0.04159414 0.0545622  0.06827725 0.00338547
 0.0478197  0.02555242 0.00279508 0.00442572 0.00572113 0.00427752
 0.05185143 0.03626021 0.00406639 0.01873647 0.001928   0.0032621
 0.00339878 0.39650044 0.00160143 0.04123231 0.02018298 0.00716772
 0.00124127 0.00336907 0.03809435 0.00281597 0.003665   0.01319121
 0.04629094 0.00419929]
[0.02339237 0.0011394  0.07192887 0.23272848 0.02145603 0.00219459
 0.09262872 0.01729406 0.00097982 0.00264127 0.00254456 0.00326687
 0.03176777 0.14332278 0.00095958 0.01288308 0.00063627 0.00147263
 0.00128626 0.07890429 0.00054067 0.18947886 0.00561286 0.00155127
 0.0008601  0.00185666 0.02082583 0.00142015 0.00218322 0.00699961
 0.02345417 0.00178888]
[0.01820421 0.00213122 0.05495743 0.05637581 0.01491829 0.00200912
 0.09087905 0.0289914  0.00264011 0.00264334 0.00501016 0.00247542
 0.02743881 0.5130198  0.00200795 0.01689893 0.00244889 0.00281205
 0.00281239 0.02199829 0.00141701 0.07098425 0.00506563 0.00361788
 0.00177995 0.00348849 0.01278775 0.00162812 0.00265992 0.00866921
 0.01491266 0.00231643]
[0.02615294 0.00312802 0.08942682 0.23857936 0.08818971 0.0022717
 0.02059511 0.02586203 0.00195489 0.00187663 0.00248559 0.00293304
 0.02412475 0.00244296 0.00214081 0.00896244 0.0022221  0.0018541
 0.00255679 0.2828129  0.00148236 0.08038738 0.00791298 0.00180916
 0.00162854 0.00358398 0.03084528 0.00173951 0.0031669  0.01017954
 0.02396189 0.00272977]
[0.03002328 0.00141031 0.05963734 0.14734168 0.05549403 0.003397
 0.19768707 0.03379675 0.00202166 0.00208823 0.00230511 0.00386
 0.03450625 0.06985085 0.00152361 0.01569081 0.00155794 0.0037352
 0.00147212 0.0914497  0.00191068 0.12806122 0.004117   0.0029892
 0.00116752 0.0024749  0.02637956 0.00151388 0.00234119 0.01251951
 0.05578514 0.00189126]
[0.0784538  0.00137808 0.06503448 0.05372071 0.01867995 0.00429185
 0.18852198 0.1073411  0.00169068 0.00264045 0.00191144 0.00373967
 0.13742132 0.02060524 0.00212867 0.01420933 0.00149184 0.00223566
 0.00245396 0.04934578 0.00110285 0.03197313 0.01433645 0.0022339
 0.00117056 0.00209132 0.08775025 0.00138222 0.0032935  0.01073039
 0.08481964 0.00181985]
[0.06678994 0.00318929 0.03543156 0.05363531 0.04429065 0.00760703
 0.07743133 0.04295326 0.00290888 0.00433541 0.00551115 0.00731532
 0.04244021 0.0472159  0.00436749 0.01995351 0.00415266 0.00493464
 0.00530534 0.21569948 0.00280285 0.07866603 0.01868402 0.0033917
 0.00201543 0.00433269 0.06672014 0.00426379 0.00360916 0.01699901
 0.0989212  0.00412566]
[0.04039779 0.00254437 0.02083599 0.1125977  0.04335219 0.00528306
 0.14904724 0.08171289 0.00265901 0.00474672 0.00380163 0.00712142
 0.03990648 0.02388249 0.00333129 0.01761904 0.00478894 0.00995223
 0.00653921 0.09183525 0.0026419  0.05298941 0.01779392 0.00499594
 0.00206624 0.00385859 0.06885214 0.0049978  0.00331171 0.02130412
 0.14289068 0.00234259]
[7.5250822e-03 5.2460644e-04 8.5623896e-01 3.9780741e-03 8.8408003e-03
 7.0584967e-04 1.0376426e-02 7.7406769e-03 4.7398783e-04 7.6505856e-04
 9.6716208e-04 9.9709397e-04 1.2367024e-02 4.4466399e-02 2.9963657e-04
 3.2818734e-03 3.2999620e-04 6.4390671e-04 8.9738710e-04 6.5676919e-03
 4.4157423e-04 1.4450177e-02 1.1263128e-03 6.4020348e-04 3.3417199e-04
 4.0945987e-04 6.2283739e-03 4.1987753e-04 6.7819265e-04 1.5415681e-03
 5.1768902e-03 5.6548265e-04]
[0.03936836 0.00257279 0.09345048 0.2507641  0.1444984  0.0021533
 0.08171251 0.01471106 0.00143538 0.00347757 0.00423763 0.00409252
 0.03046323 0.05348541 0.00250819 0.01421081 0.00185723 0.00173259
 0.00155097 0.10024221 0.00134032 0.02201023 0.01529968 0.00263466
 0.00131656 0.00189871 0.02512191 0.00248742 0.00181791 0.010461
 0.06588914 0.00119762]
[0.01968379 0.00325406 0.08233343 0.2260348  0.10797659 0.00293274
 0.02015775 0.0205013  0.00374163 0.00325661 0.00329665 0.00385365
 0.01899584 0.00307717 0.00345682 0.00674326 0.00148146 0.0022798
 0.00262884 0.23648822 0.00205972 0.14603451 0.00810868 0.00295903
 0.00228996 0.00302988 0.02547197 0.00181314 0.00312973 0.0104013
 0.01897124 0.00355643]
[0.05274713 0.00187974 0.00975578 0.0121699  0.03518081 0.00578983
 0.12388717 0.09675776 0.00180838 0.00675207 0.00760954 0.00428339
 0.11617455 0.09564143 0.00311815 0.02196497 0.00141989 0.00197501
 0.00383152 0.16790731 0.00225683 0.07179298 0.01147982 0.00455273
 0.00191062 0.00486813 0.06706991 0.00212717 0.00421416 0.0154486
 0.04065258 0.00297205]
[0.04795441 0.00489763 0.02343376 0.01488899 0.03124161 0.007882
 0.06800024 0.09619605 0.00635517 0.00572202 0.00530148 0.01366074
 0.10140882 0.0633121  0.00593894 0.02673515 0.00416388 0.0055296
 0.00573425 0.18767999 0.00323689 0.06428899 0.0169549  0.00491317
 0.00325794 0.00677474 0.07997531 0.00420808 0.00555122 0.01703497
 0.06176181 0.00600513]
[0.19654396 0.00164654 0.02624413 0.00934067 0.05023629 0.00424639
 0.07032421 0.07355848 0.0029386  0.00523853 0.01014813 0.0036961
 0.29180288 0.06606063 0.00188558 0.01983855 0.00486359 0.00291865
 0.00249827 0.01501026 0.00375714 0.02724872 0.01360986 0.00528871
 0.00193286 0.00451366 0.03497544 0.00284396 0.00480288 0.01703962
 0.02176624 0.00318046]
[4.6897829e-03 3.6894134e-04 6.1466626e-04 4.2257342e-03 2.6656736e-03
 7.6358073e-04 7.6761874e-03 1.7607873e-02 5.8285019e-04 8.5976196e-04
 6.7044841e-04 6.7601266e-04 1.8811544e-02 9.1105843e-01 5.4726750e-04
 5.5936547e-03 2.3240961e-04 5.9543404e-04 2.6581783e-04 4.9393444e-04
 2.3327097e-04 8.7882282e-04 2.3870219e-03 4.3214767e-04 1.8057907e-04
 5.2808761e-04 3.3682794e-03 8.4989087e-04 1.2686001e-03 4.5380648e-03
 5.9748469e-03 3.6052580e-04]
[1.50503637e-03 2.43958246e-04 9.68565464e-01 1.46811747e-03
 3.65666836e-03 1.62715311e-04 2.18586740e-03 9.26009146e-04
 8.06003227e-05 8.55181497e-05 1.80933726e-04 1.09165449e-04
 2.02253787e-03 7.91153929e-04 1.00057354e-04 6.15162542e-04
 6.63718820e-05 8.20388814e-05 8.17415712e-05 7.25801196e-03
 1.57314164e-04 5.37110073e-03 3.40126222e-04 1.02993276e-04
 4.74787848e-05 1.06374071e-04 1.00706751e-03 5.80457672e-05
 1.23459409e-04 6.31235889e-04 1.77580747e-03 9.17645666e-05]
[0.05462636 0.00182981 0.02573849 0.1107441  0.0493845  0.00430919
 0.15817504 0.05978047 0.00353268 0.00441493 0.00614634 0.00474461
 0.10414955 0.02968421 0.0023722  0.03926378 0.00342324 0.00188393
 0.00367666 0.06387923 0.00157913 0.04868376 0.01475428 0.00279696
 0.00169179 0.00223921 0.12723789 0.00338096 0.00309461 0.01690137
 0.04353723 0.00234349]
[0.05081281 0.00342795 0.05362395 0.0808171  0.03055242 0.00836383
 0.06542373 0.03323044 0.00263957 0.0042837  0.00475843 0.00679421
 0.03786388 0.05012677 0.00348698 0.01885773 0.00198123 0.00283476
 0.00299158 0.30731213 0.00279641 0.09479778 0.02404806 0.00493427
 0.00212892 0.00431076 0.02832874 0.00356208 0.00714416 0.02716716
 0.02713257 0.00346583]
[0.04315632 0.00247422 0.01920324 0.03029466 0.04934905 0.00412036
 0.06338669 0.10138129 0.0038268  0.00631626 0.00394176 0.0075026
 0.11540842 0.035859   0.00362753 0.02225713 0.00389013 0.00466512
 0.00458708 0.2467805  0.00275472 0.03976021 0.02181298 0.00353239
 0.00149026 0.0028374  0.05497515 0.00236922 0.00318232 0.01211596
 0.07997643 0.00316481]
[1.61464587e-02 1.19165028e-03 5.17854452e-01 1.00587964e-01
 2.00200845e-02 1.09103485e-03 4.55428101e-02 4.24477411e-03
 6.54663017e-04 7.28873769e-04 1.30435522e-03 2.13252241e-03
 8.26939754e-03 7.65386317e-03 6.86515239e-04 7.70985568e-03
 4.77775786e-04 4.54700610e-04 5.72374382e-04 1.42887488e-01
 7.02935911e-04 7.69681931e-02 3.85464635e-03 9.59013007e-04
 2.59325578e-04 5.67601179e-04 8.82557873e-03 5.33954939e-04
 1.11544004e-03 3.12543777e-03 2.22461279e-02 6.30190305e-04]
[0.02438767 0.00106802 0.04336541 0.27642584 0.01956933 0.00339718
 0.1892835  0.01459165 0.00147292 0.00091067 0.00173734 0.00261143
 0.03360979 0.01315906 0.00132882 0.01111715 0.00159448 0.0014815
 0.00049468 0.12003137 0.00157331 0.1183207  0.00723996 0.00159574
 0.0019314  0.00200158 0.03946529 0.00091593 0.00198511 0.01037699
 0.05168539 0.00127078]

mu_class:
[ 0.1046692  -0.30953947  0.3658727   0.30080152  0.21873827 -0.02037936
  0.22495838  0.2096374  -0.41727275 -0.18376264 -0.17131835 -0.075629
  0.15694177  0.26386136 -0.28367394  0.07763664 -0.12409485 -0.02216151
 -0.04665591  0.19250669 -0.41588905  0.33402175  0.11804559 -0.02262614
 -0.3380136  -0.41546917  0.11229406 -0.00499479 -0.42152196  0.11065352
  0.15121011 -0.39173457]

mu:
[[0.17895094 0.25601068 0.2024001  0.23136148 0.17365825 0.18585841
  0.17083156 0.23724632 0.18817335 0.17572205 0.24621603 0.2218376
  0.17123014 0.17642066 0.19182335 0.1737436  0.15662295 0.23332937
  0.17877331 0.16537607 0.22791311 0.145486   0.17214575 0.18486154
  0.23588942 0.24005333 0.26249868 0.1520362  0.23296456 0.36151543
  0.24761713 0.2518731  0.24989815 0.32317924 0.2142345  0.22036758
  0.25488302 0.17142925 0.23937313 0.17535755 0.1930673  0.17127602
  0.17206647 0.18367808 0.2599247  0.21259347 0.25704715 0.24195707
  0.17084552 0.1910847  0.16959906 0.2620356  0.18125853 0.1935967
  0.17104682 0.22491446 0.23366174 0.1855721  0.17527126 0.20846435
  0.17920008 0.20201775 0.17394972 0.2828949  0.22114268 0.18976413
  0.24408233 0.18962003 0.16687682 0.22615865 0.20592582 0.17169946
  0.16658354 0.23631269 0.22883186 0.1726917  0.1675863  0.22757283
  0.16634715 0.17792648 0.2369541  0.33196265 0.1726571  0.22424296
  0.25383183 0.14828761 0.1745713  0.25383273 0.17704636 0.18537499
  0.2609849  0.17920722 0.1758786  0.25754076 0.23792686 0.17463972
  0.16233125 0.23718737 0.15670407 0.17732555 0.23120248 0.32355982
  0.21969236 0.3098175  0.20484757 0.18314725 0.2332001  0.1519768
  0.2020852  0.18277329 0.21272449 0.18373539 0.22876489 0.23357618
  0.32824004 0.26162702 0.18461703 0.35107526 0.17996287 0.14998785
  0.19442329 0.17916994 0.1805135  0.17592284 0.22578317 0.17432466
  0.17337012 0.15059796 0.17122647 0.35337925 0.18961152 0.256835
  0.2550025  0.1940945  0.1754855  0.14970052 0.17519656 0.15073755
  0.1817829  0.17974769 0.25216317 0.23377372 0.22315896 0.22447388
  0.18385924 0.17356023 0.17698693 0.3410259  0.22194374 0.22798616
  0.1745536  0.15487574 0.14906397 0.25224793 0.3602874  0.17750807
  0.18814212 0.16705461 0.2963867  0.23215547]]

a:
[[-4.13383357e-02  1.62290478e+00  2.42880750e+00  1.99344468e+00
   4.20439355e-02 -1.50160551e-01  8.65762979e-02  1.90498066e+00
  -1.86630502e-01  9.53035615e-03  1.77014327e+00  2.13661265e+00
   8.02969486e-02 -1.47579878e-03  2.58780289e+00  4.06992435e-02
   3.10422391e-01  1.96386218e+00 -3.85400169e-02  1.72523528e-01
   2.04528236e+00  4.85876530e-01  6.58722073e-02 -1.34455487e-01
   1.92537820e+00  1.86278415e+00  1.52537382e+00  3.82682890e-01
   1.96934628e+00  3.69014069e-02  1.74908113e+00  1.68510306e+00
   1.71479166e+00  6.13191426e-01  2.25090647e+00  2.15871072e+00
   1.63985634e+00  7.71601275e-02  1.87300909e+00  1.52726462e-02
  -2.63731033e-01  7.95741826e-02  6.71213120e-02  2.71024680e+00
   1.56406713e+00  2.27557540e+00  1.60732412e+00  1.83416617e+00
   8.63562748e-02 -2.32496589e-01  1.05993390e-01  1.53233492e+00
   2.74661851e+00  2.56114483e+00  8.31848979e-02  2.09035969e+00
   1.95886576e+00 -1.45649970e-01  1.66321155e-02  2.33764648e+00
  -4.52634692e-02  2.43455505e+00  3.74520570e-02  1.21876669e+00
   2.14705896e+00 -2.11692140e-01  1.80221796e+00 -2.09422067e-01
   1.48880228e-01  2.07165623e+00  2.37580705e+00  7.29031712e-02
   1.53500706e-01  1.91901541e+00  2.03147125e+00  5.72710522e-02
   1.37702912e-01  2.05039763e+00  1.57224894e-01 -2.51989476e-02
   1.90937352e+00  4.81154740e-01  5.78162223e-02  2.10045409e+00
   1.65565836e+00  4.41739410e-01  2.76594870e-02  1.65564501e+00
  -1.13332095e-02 -1.42544612e-01  1.54812980e+00 -4.53759842e-02
   2.82749271e+00  1.59990394e+00  1.89475036e+00  2.65815407e-02
   2.20492348e-01  1.90586674e+00  3.09144199e-01 -1.57315247e-02
   1.99583459e+00  6.07470334e-01  2.16886091e+00  8.14052105e-01
  -4.49320525e-01 -1.07448213e-01  1.96580541e+00  3.83619010e-01
   2.43354106e+00 -1.01556696e-01  2.27360559e+00 -1.16713725e-01
   2.03247786e+00  1.96015203e+00  5.37114918e-01  1.53847694e+00
  -1.30603299e-01  1.93843827e-01 -5.72805852e-02  4.14953321e-01
   2.54871893e+00 -4.47886214e-02 -6.59554005e-02  6.36707898e-03
   2.07730079e+00  3.15450504e-02  4.65831310e-02  4.05341446e-01
   8.03548694e-02  1.59208909e-01  2.62105203e+00  1.61051285e+00
   1.63806033e+00 -2.79913813e-01  1.32569205e-02  4.19479877e-01
   2.83774543e+00  4.03142184e-01 -8.59538987e-02 -5.38906120e-02
   1.68074262e+00  1.95718265e+00  2.11674929e+00  2.09698272e+00
  -1.18665092e-01  4.35881503e-02 -1.03968605e-02  3.44911158e-01
   2.13501716e+00  2.04418421e+00  2.79383883e-02  3.37948143e-01
   4.29508209e-01  1.67946851e+00  5.53618819e-02 -1.86070781e-02
   2.64314079e+00  1.46079287e-01  1.01595128e+00  1.98150885e+00]]

g:
[15.997283]
